### ISSUE TITLE
Crashed when calling Bcrypt.hash

### ISSUE THREAD

**Issue by Maxim-Inv** [vapor/vapor#2229]
Everything works fine in the XCode, but crashes when run in the terminal.

### Steps to reproduce

Test project: [Archive.zip](https://github.com/vapor/vapor/files/4306654/Archive.zip)

1. `swift build -c debug`
2. `swift run Run`
3. `curl http://localhost:8080/test` -> crash

### Expected behavior

Should works

### Actual behavior

got crash with message:
`'.build/debug/Run serve' terminated by signal SIGSEGV (Address boundary error)`

### Environment

XCode Version 11.4 beta 3 (11N132i)
Swift version: Apple Swift version 5.2 (swiftlang-1103.0.30 clang-1103.0.30)
* Vapor Framework version: 4.0-rc.3.1 
* Vapor Toolbox version: vapor 3.1.10 and 18.0.0-beta.27
* OS version: macOS 10.15.3

**Comment by Maxim-Inv** [comment]
lldb output:
```Process 95346 stopped
* thread #7, name = 'NIO-ELT-0-#5', stop reason = EXC_BAD_ACCESS (code=EXC_I386_GPFLT)
    frame #0: 0x00007fff6508c8f4 libsystem_platform.dylib`_platform_memmove$VARIANT$Haswell + 436
libsystem_platform.dylib`_platform_memmove$VARIANT$Haswell:
->  0x7fff6508c8f4 <+436>: retq   
    0x7fff6508c8f5 <+437>: nopw   %cs:(%rax,%rax)
    0x7fff6508c8ff <+447>: nop    
    0x7fff6508c900 <+448>: subq   $0x8, %rsi
Target 0: (Run) stopped.
```

```(lldb) register read
General Purpose Registers:
       rax = 0x00007000039e5070
       rbx = 0x0000000101f037e0
       rcx = 0x0000000000000010
       rdx = 0xfffffffffffffff8
       rdi = 0x00007000039e6040
       rsi = 0x000000010096d4b0  Run`Blowfish_initstate.initstate + 4112
       rbp = 0x81b949d0de966292
       rsp = 0x00007000039e5fd8
        r8 = 0x0000000104000000
        r9 = 0x0000000000000018
       r10 = 0x00007ffeefbffa90
       r11 = 0x00006fff03078bd0
       r12 = 0x0000000000000000
       r13 = 0x00007000039e6468
       r14 = 0x00000001040018a0
       r15 = 0x00007000039e6870
       rip = 0x00007fff6508c8f4  libsystem_platform.dylib`_platform_memmove$VARIANT$Haswell + 436
    rflags = 0x0000000000010283
        cs = 0x000000000000002b
        fs = 0x0000000000000000
        gs = 0x0000000000000000
```

**Comment by Maxim-Inv** [comment]
It works fine when I downgraded vapor version to beta.3.22. 
`.package(url: "https://github.com/vapor/vapor.git", .exact("4.0.0-beta.3.22"))`

**Comment by tanner0101** [comment]
Hmm that's really strange that downgrading the Vapor version would have any effect since the Bcrypt implementation has not changed for quite a while. Have you reported this to bugs.swift.org yet @Maxim-Inv?

**Comment by Maxim-Inv** [comment]
@tanner0101 not yet. But today I have tested with the last development snapshot (swift-5.2-DEVELOPMENT-SNAPSHOT-2020-03-10-a-osx) and this issue has gone.

**Comment by Guang1234567** [comment]
Hello @tanner0101 :

I also encounter this issue on macOS 10.15.5.

My vapor4 version:

``` json
// file package.resovled


{
        "package": "vapor",
        "repositoryURL": "https://github.com/vapor/vapor.git",
        "state": {
          "branch": null,
          "revision": "dc2aa1e02e04a47b67cb0dabed628fe844900f30",
          "version": "4.14.0"
        }
      }
```

- It will crash on 

```
/Applications/Xcode.app/Contents/Developer/Toolchains/XcodeDefault.xctoolchain/usr/bin/swift -version
Apple Swift version 5.2.4 (swiftlang-1103.0.32.9 clang-1103.0.32.53)
Target: x86_64-apple-darwin19.5.0
```
the lastest version bundled with xcode at this moment.


- And everything is ok on:

```
/Library/Developer/Toolchains/swift-5.2.3-RELEASE.xctoolchain/usr/bin/swift -version
Apple Swift version 5.2.3 (swift-5.2.3-RELEASE)
Target: x86_64-apple-darwin19.5.0
```

So maybe the bug of `Apple Swift version 5.2.4 (swiftlang-1103.0.32.9 clang-1103.0.32.53)`, 

hope it help you, and thanks your great job.

**Comment by ileitch** [comment]
This is fixed for me in Swift 5.3.

**Comment by Maxim-Inv** [comment]
For me too (Swift 5.3)

**Comment by Guang1234567** [comment]
But swift 5.3 not release at this moment。。。

**Comment by Guang1234567** [comment]
@all

Works on `swift-5.2.4-release` too😂

```
/Library/Developer/Toolchains/swift-5.2.4-RELEASE.xctoolchain/usr/bin/swift build
Apple Swift version 5.2.4 (swift-5.2.4-RELEASE)
Target: x86_64-apple-darwin19.5.0
```


So the below lastest version bundled with xcode is different from  `swift-5.2.4-RELEASE` even though have the same version code `5.2.4`

```
/Applications/Xcode.app/Contents/Developer/Toolchains/XcodeDefault.xctoolchain/usr/bin/swift -version
Apple Swift version 5.2.4 (swiftlang-1103.0.32.9 clang-1103.0.32.53)
Target: x86_64-apple-darwin19.5.0
```

**Comment by 0xTim** [comment]
FYI this is being tracked as [SR-12424](https://bugs.swift.org/plugins/servlet/mobile#issue/SR-12424)

**Comment by omochi** [comment]
I got this problem in my project.
Crash in `platform_memmove` in `Blowfish_initstate`.

I also reproduced issue in test case of `vapor/vapor`.

```
[omochi@omochi-iMacPro vapor (main=)]$ swift --version
Apple Swift version 5.4 (swiftlang-1205.0.26.9 clang-1205.0.19.55)
Target: x86_64-apple-darwin20.3.0
[omochi@omochi-iMacPro vapor (main=)]$ swift test --filter "BcryptTests"
Test Suite 'Selected tests' started at 2021-06-29 06:31:32.418
Test Suite 'vaporPackageTests.xctest' started at 2021-06-29 06:31:32.418
Test Suite 'BcryptTests' started at 2021-06-29 06:31:32.418
Test Case '-[VaporTests.BcryptTests testFail]' started.
Exited with signal code 11
```

I consumed much time investigating crash and get to this issue ticket from the internet.

@0xTim Would you like to open this issue until it is fixed?

**Comment by 0xTim** [comment]
This is fixed in 5.2.1

**Comment by omochi** [comment]
It may have been fixed once, but it broke again.
Latest main branch happens this issue now.

Reproducing steps is below.

```
$ git clone https://github.com/vapor/vapor
$ cd vapor
$ swift build
$ swift test --filter "BcryptTests"
Test Suite 'Selected tests' started at 2021-07-02 02:15:54.111
Test Suite 'vaporPackageTests.xctest' started at 2021-07-02 02:15:54.112
Test Suite 'BcryptTests' started at 2021-07-02 02:15:54.112
Test Case '-[VaporTests.BcryptTests testFail]' started.
Exited with signal code 11
```

Environment:

```
macOS: Big sur 11.2.1 (20D74)
Xcode: Version 12.5 (12E262)

$ xcode-select -p
/Applications/Xcode12.5.app/Contents/Developer
$ swift --version
Apple Swift version 5.4 (swiftlang-1205.0.26.9 clang-1205.0.19.55)
Target: x86_64-apple-darwin20.3.0

Commit:

commit 086d0b80f2c3623ffd6b5e32b964ad00b67c2e90 (HEAD -> main, tag: 4.47.1, origin/main, origin/HEAD)
Author: Ricardo Ramirez <pkmntr@outlook.com>
Date:   Wed Jun 30 10:26:06 2021 -0500

    Add reason bodies for Validation (#2642)
    
    * add new reason message to empty body error
    
    * add new reason message to missing content type
    
    * add test to content-type header validation error
    
    * change to represent empty body on XCTApplication
    
    * add test to empty body validation error message
    
    Co-authored-by: Ricardo Ramirez <ricardo.ramirezr@elektra.com.mx>
```

**Comment by 0xTim** [comment]
You need to upgrade to Xcode 12.5.1

**Comment by omochi** [comment]
Xcode 12.5.1 resolves issue. Thank you.
